<?xml version="1.0" encoding="UTF-8"?>
<!-- Generated by org.testng.reporters.JUnitReportReporter -->
<testsuite ignored="1" hostname="Hasans-MacBook-Pro.local" failures="0" tests="1" name="test.InstaSignUpTest" time="5.037" errors="0" timestamp="25 Aug 2022 17:16:14 GMT" skipped="0">
  <testcase classname="test.InstaSignUpTest" name="TestInstaSignUpPage" time="5.037"/>
  <testcase classname="test.InstaBaseTest" name="setup">
    <skipped/>
  </testcase> <!-- setup -->
</testsuite> <!-- test.InstaSignUpTest -->
