<?xml version="1.0" encoding="UTF-8"?>
<!-- Generated by org.testng.reporters.JUnitReportReporter -->
<testsuite ignored="1" hostname="Krishnas-Air" failures="0" tests="1" name="test.HomePageTest" time="0.873" errors="0" timestamp="02 Jan 2023 04:27:25 GMT" skipped="0">
  <testcase classname="test.HomePageTest" name="homepagetest" time="0.873"/>
  <testcase classname="test.BaseTest" name="setup">
    <skipped/>
  </testcase> <!-- setup -->
</testsuite> <!-- test.HomePageTest -->
